<?xml version="1.0" encoding="UTF-8"?>
<!-- Generated by org.testng.reporters.JUnitXMLReporter -->
<testsuite ignored="0" hostname="jalebi12345" failures="1" tests="10" name="Chrome Tests" time="107.228" errors="0" timestamp="2025-06-27T12:35:43 IST">
  <testcase classname="tests.LoginTest" name="testAuthFormInitialState" time="1.751"/>
  <testcase classname="tests.LoginTest" name="testValidLogin" time="6.843"/>
  <testcase classname="tests.LoginTest" name="testInvalidLogin" time="5.495"/>
  <testcase classname="tests.LoginTest" name="testModeSwitching" time="3.146"/>
  <testcase classname="tests.LoginTest" name="testRegistration" time="18.623">
    <failure type="java.lang.AssertionError" message="Registration should be successful with valid data expected [true] but found [false]">
      <![CDATA[java.lang.AssertionError: Registration should be successful with valid data expected [true] but found [false]
at tests.LoginTest.testRegistration(LoginTest.java:124)
at java.base/java.util.ArrayList.forEach(ArrayList.java:1541)
at com.intellij.rt.testng.IDEARemoteTestNG.run(IDEARemoteTestNG.java:65)
at com.intellij.rt.testng.RemoteTestNGStarter.main(RemoteTestNGStarter.java:105)
... Removed 27 stack frames]]>
    </failure>
  </testcase> <!-- testRegistration -->
  <testcase classname="tests.LoginTest" name="testFieldVisibilityByMode" time="1.714"/>
  <testcase classname="tests.LoginTest" name="testAnimationTransitions" time="1.269"/>
  <testcase classname="tests.LoginTest" name="testMethodChaining" time="2.988"/>
  <testcase classname="tests.LoginTest" name="testPasswordMismatchRegistration" time="2.669"/>
  <testcase classname="tests.LoginTest" name="testEmptyFormValidation" time="3.721"/>
</testsuite> <!-- Chrome Tests -->
