<?xml version="1.0" encoding="UTF-8"?>
<!-- Generated by org.testng.reporters.JUnitXMLReporter -->
<testsuite ignored="0" hostname="jalebi12345" failures="0" tests="15" name="Chrome Tests" time="0.382" errors="0" timestamp="2025-06-13T11:32:47 IST">
  <testcase classname="tests.LoginTest" name="@BeforeMethod initializePages" time="0.02">
    <failure type="java.lang.IllegalStateException" message="WebDriver is not initialized. Call initializeDriver() first.">
      <![CDATA[java.lang.IllegalStateException: WebDriver is not initialized. Call initializeDriver() first.
at utilities.WebDriverManagerUtil.getDriver(WebDriverManagerUtil.java:84)
at pages.BasePage.<init>(BasePage.java:18)
at pages.HomePage.<init>(HomePage.java:7)
at tests.LoginTest.initializePages(LoginTest.java:22)
at java.base/java.util.ArrayList.forEach(ArrayList.java:1541)
at java.base/java.util.concurrent.FutureTask.run$$$capture(FutureTask.java:264)
at java.base/java.util.concurrent.FutureTask.run(FutureTask.java)
at --- Async.Stack.Trace --- (captured by IntelliJ IDEA debugger)
at java.base/java.util.concurrent.FutureTask.<init>(FutureTask.java:132)
at java.base/java.util.concurrent.AbstractExecutorService.newTaskFor(AbstractExecutorService.java:108)
at java.base/java.util.concurrent.AbstractExecutorService.invokeAll(AbstractExecutorService.java:269)
at com.intellij.rt.testng.IDEARemoteTestNG.run(IDEARemoteTestNG.java:65)
at com.intellij.rt.testng.RemoteTestNGStarter.main(RemoteTestNGStarter.java:105)
... Removed 31 stack frames]]>
    </failure>
  </testcase> <!-- @BeforeMethod initializePages -->
  <testcase classname="tests.LoginTest" name="@BeforeMethod initializePages" time="0.02">
    <failure type="java.lang.IllegalStateException" message="WebDriver is not initialized. Call initializeDriver() first.">
      <![CDATA[java.lang.IllegalStateException: WebDriver is not initialized. Call initializeDriver() first.
at utilities.WebDriverManagerUtil.getDriver(WebDriverManagerUtil.java:84)
at pages.BasePage.<init>(BasePage.java:18)
at pages.HomePage.<init>(HomePage.java:7)
at tests.LoginTest.initializePages(LoginTest.java:22)
at java.base/java.util.ArrayList.forEach(ArrayList.java:1541)
at java.base/java.util.concurrent.FutureTask.run$$$capture(FutureTask.java:264)
at java.base/java.util.concurrent.FutureTask.run(FutureTask.java)
at --- Async.Stack.Trace --- (captured by IntelliJ IDEA debugger)
at java.base/java.util.concurrent.FutureTask.<init>(FutureTask.java:132)
at java.base/java.util.concurrent.AbstractExecutorService.newTaskFor(AbstractExecutorService.java:108)
at java.base/java.util.concurrent.AbstractExecutorService.invokeAll(AbstractExecutorService.java:269)
at com.intellij.rt.testng.IDEARemoteTestNG.run(IDEARemoteTestNG.java:65)
at com.intellij.rt.testng.RemoteTestNGStarter.main(RemoteTestNGStarter.java:105)
... Removed 31 stack frames]]>
    </failure>
  </testcase> <!-- @BeforeMethod initializePages -->
  <testcase classname="tests.DropDownTest" name="@BeforeClass setupPages" time="0.002">
    <failure type="java.lang.IllegalStateException" message="WebDriver is not initialized. Call initializeDriver() first.">
      <![CDATA[java.lang.IllegalStateException: WebDriver is not initialized. Call initializeDriver() first.
at utilities.WebDriverManagerUtil.getDriver(WebDriverManagerUtil.java:84)
at pages.BasePage.<init>(BasePage.java:18)
at pages.HomePage.<init>(HomePage.java:7)
at tests.DropDownTest.setupPages(DropDownTest.java:21)
at java.base/java.util.ArrayList.forEach(ArrayList.java:1541)
at java.base/java.util.concurrent.FutureTask.run$$$capture(FutureTask.java:264)
at java.base/java.util.concurrent.FutureTask.run(FutureTask.java)
at --- Async.Stack.Trace --- (captured by IntelliJ IDEA debugger)
at java.base/java.util.concurrent.FutureTask.<init>(FutureTask.java:132)
at java.base/java.util.concurrent.AbstractExecutorService.newTaskFor(AbstractExecutorService.java:108)
at java.base/java.util.concurrent.AbstractExecutorService.invokeAll(AbstractExecutorService.java:269)
at com.intellij.rt.testng.IDEARemoteTestNG.run(IDEARemoteTestNG.java:65)
at com.intellij.rt.testng.RemoteTestNGStarter.main(RemoteTestNGStarter.java:105)
... Removed 25 stack frames]]>
    </failure>
  </testcase> <!-- @BeforeClass setupPages -->
  <testcase classname="tests.DropDownTest" name="@BeforeClass setupPages" time="0.01">
    <failure type="java.lang.IllegalStateException" message="WebDriver is not initialized. Call initializeDriver() first.">
      <![CDATA[java.lang.IllegalStateException: WebDriver is not initialized. Call initializeDriver() first.
at utilities.WebDriverManagerUtil.getDriver(WebDriverManagerUtil.java:84)
at pages.BasePage.<init>(BasePage.java:18)
at pages.HomePage.<init>(HomePage.java:7)
at tests.DropDownTest.setupPages(DropDownTest.java:21)
at java.base/java.util.ArrayList.forEach(ArrayList.java:1541)
at java.base/java.util.concurrent.FutureTask.run$$$capture(FutureTask.java:264)
at java.base/java.util.concurrent.FutureTask.run(FutureTask.java)
at --- Async.Stack.Trace --- (captured by IntelliJ IDEA debugger)
at java.base/java.util.concurrent.FutureTask.<init>(FutureTask.java:132)
at java.base/java.util.concurrent.AbstractExecutorService.newTaskFor(AbstractExecutorService.java:108)
at java.base/java.util.concurrent.AbstractExecutorService.invokeAll(AbstractExecutorService.java:269)
at com.intellij.rt.testng.IDEARemoteTestNG.run(IDEARemoteTestNG.java:65)
at com.intellij.rt.testng.RemoteTestNGStarter.main(RemoteTestNGStarter.java:105)
... Removed 25 stack frames]]>
    </failure>
  </testcase> <!-- @BeforeClass setupPages -->
  <testcase classname="tests.LoginTest" name="@BeforeMethod initializePages" time="0.0">
    <skipped/>
  </testcase> <!-- @BeforeMethod initializePages -->
  <testcase classname="tests.LoginTest" name="@BeforeMethod initializePages" time="0.0">
    <skipped/>
  </testcase> <!-- @BeforeMethod initializePages -->
  <testcase classname="tests.LoginTest" name="@BeforeMethod initializePages" time="0.0">
    <skipped/>
  </testcase> <!-- @BeforeMethod initializePages -->
  <testcase classname="tests.LoginTest" name="@BeforeMethod initializePages" time="0.0">
    <skipped/>
  </testcase> <!-- @BeforeMethod initializePages -->
  <testcase classname="tests.LoginTest" name="@BeforeMethod initializePages" time="0.0">
    <skipped/>
  </testcase> <!-- @BeforeMethod initializePages -->
  <testcase classname="tests.LoginTest" name="@BeforeMethod initializePages" time="0.0">
    <skipped/>
  </testcase> <!-- @BeforeMethod initializePages -->
  <testcase classname="tests.LoginTest" name="@BeforeMethod initializePages" time="0.0">
    <skipped/>
  </testcase> <!-- @BeforeMethod initializePages -->
  <testcase classname="tests.LoginTest" name="@BeforeMethod initializePages" time="0.0">
    <skipped/>
  </testcase> <!-- @BeforeMethod initializePages -->
  <testcase classname="tests.LoginTest" name="@BeforeMethod initializePages" time="0.0">
    <skipped/>
  </testcase> <!-- @BeforeMethod initializePages -->
  <testcase classname="tests.LoginTest" name="@BeforeMethod initializePages" time="0.0">
    <skipped/>
  </testcase> <!-- @BeforeMethod initializePages -->
  <testcase classname="tests.LoginTest" name="@BeforeMethod initializePages" time="0.0">
    <skipped/>
  </testcase> <!-- @BeforeMethod initializePages -->
  <testcase classname="tests.LoginTest" name="@BeforeMethod initializePages" time="0.0">
    <skipped/>
  </testcase> <!-- @BeforeMethod initializePages -->
  <testcase classname="tests.LoginTest" name="@BeforeMethod initializePages" time="0.0">
    <skipped/>
  </testcase> <!-- @BeforeMethod initializePages -->
  <testcase classname="tests.LoginTest" name="@BeforeMethod initializePages" time="0.0">
    <skipped/>
  </testcase> <!-- @BeforeMethod initializePages -->
  <testcase classname="tests.LoginTest" name="@BeforeMethod initializePages" time="0.0">
    <skipped/>
  </testcase> <!-- @BeforeMethod initializePages -->
  <testcase classname="tests.LoginTest" name="@BeforeMethod initializePages" time="0.0">
    <skipped/>
  </testcase> <!-- @BeforeMethod initializePages -->
  <testcase classname="tests.LoginTest" name="@BeforeMethod initializePages" time="0.0">
    <skipped/>
  </testcase> <!-- @BeforeMethod initializePages -->
  <testcase classname="tests.LoginTest" name="@BeforeMethod initializePages" time="0.0">
    <skipped/>
  </testcase> <!-- @BeforeMethod initializePages -->
  <testcase classname="tests.LoginTest" name="testAuthFormInitialState" time="0.0">
    <skipped/>
  </testcase> <!-- testAuthFormInitialState -->
  <testcase classname="tests.DropDownTest" name="testLoginWithValidCredentials" time="0.0">
    <skipped/>
  </testcase> <!-- testLoginWithValidCredentials -->
  <testcase classname="tests.DropDownTest" name="testDropdownMenuIsVisible" time="0.0">
    <skipped/>
  </testcase> <!-- testDropdownMenuIsVisible -->
  <testcase classname="tests.LoginTest" name="testValidLogin" time="0.008">
    <skipped/>
  </testcase> <!-- testValidLogin -->
  <testcase classname="tests.DropDownTest" name="testClickContactLink" time="0.0">
    <skipped/>
  </testcase> <!-- testClickContactLink -->
  <testcase classname="tests.LoginTest" name="testInvalidLogin" time="0.016">
    <skipped/>
  </testcase> <!-- testInvalidLogin -->
  <testcase classname="tests.DropDownTest" name="testClickChangePassword" time="0.0">
    <skipped/>
  </testcase> <!-- testClickChangePassword -->
  <testcase classname="tests.LoginTest" name="testModeSwitching" time="0.001">
    <skipped/>
  </testcase> <!-- testModeSwitching -->
  <testcase classname="tests.DropDownTest" name="testHoverOverDropDownItems" time="0.0">
    <skipped/>
  </testcase> <!-- testHoverOverDropDownItems -->
  <testcase classname="tests.LoginTest" name="testRegistration" time="0.0">
    <skipped/>
  </testcase> <!-- testRegistration -->
  <testcase classname="tests.LoginTest" name="testFieldVisibilityByMode" time="0.001">
    <skipped/>
  </testcase> <!-- testFieldVisibilityByMode -->
  <testcase classname="tests.LoginTest" name="testAnimationTransitions" time="0.0">
    <skipped/>
  </testcase> <!-- testAnimationTransitions -->
  <testcase classname="tests.LoginTest" name="testMethodChaining" time="0.001">
    <skipped/>
  </testcase> <!-- testMethodChaining -->
  <testcase classname="tests.LoginTest" name="testPasswordMismatchRegistration" time="0.0">
    <skipped/>
  </testcase> <!-- testPasswordMismatchRegistration -->
  <testcase classname="tests.LoginTest" name="testEmptyFormValidation" time="0.0">
    <skipped/>
  </testcase> <!-- testEmptyFormValidation -->
</testsuite> <!-- Chrome Tests -->
