<?xml version="1.0" encoding="UTF-8"?>
<testng-results ignored="0" total="10" passed="9" failed="1" skipped="0">
  <reporter-output>
    <line>
      <![CDATA[Setting up driver (headless: false) - Method Level]]>
    </line>
    <line>
      <![CDATA[Initializing page objects for LoginTest]]>
    </line>
    <line>
      <![CDATA[Tearing down driver: ChromeDriver - Method Level]]>
    </line>
    <line>
      <![CDATA[Driver cleanup completed - Method Level]]>
    </line>
    <line>
      <![CDATA[Setting up driver (headless: false) - Method Level]]>
    </line>
    <line>
      <![CDATA[Initializing page objects for LoginTest]]>
    </line>
    <line>
      <![CDATA[Tearing down driver: ChromeDriver - Method Level]]>
    </line>
    <line>
      <![CDATA[Driver cleanup completed - Method Level]]>
    </line>
    <line>
      <![CDATA[Setting up driver (headless: false) - Method Level]]>
    </line>
    <line>
      <![CDATA[Initializing page objects for LoginTest]]>
    </line>
    <line>
      <![CDATA[Tearing down driver: ChromeDriver - Method Level]]>
    </line>
    <line>
      <![CDATA[Driver cleanup completed - Method Level]]>
    </line>
    <line>
      <![CDATA[Setting up driver (headless: false) - Method Level]]>
    </line>
    <line>
      <![CDATA[Initializing page objects for LoginTest]]>
    </line>
    <line>
      <![CDATA[Tearing down driver: ChromeDriver - Method Level]]>
    </line>
    <line>
      <![CDATA[Driver cleanup completed - Method Level]]>
    </line>
    <line>
      <![CDATA[Setting up driver (headless: false) - Method Level]]>
    </line>
    <line>
      <![CDATA[Initializing page objects for LoginTest]]>
    </line>
    <line>
      <![CDATA[Tearing down driver: ChromeDriver - Method Level]]>
    </line>
    <line>
      <![CDATA[Driver cleanup completed - Method Level]]>
    </line>
    <line>
      <![CDATA[Setting up driver (headless: false) - Method Level]]>
    </line>
    <line>
      <![CDATA[Initializing page objects for LoginTest]]>
    </line>
    <line>
      <![CDATA[Tearing down driver: ChromeDriver - Method Level]]>
    </line>
    <line>
      <![CDATA[Driver cleanup completed - Method Level]]>
    </line>
    <line>
      <![CDATA[Setting up driver (headless: false) - Method Level]]>
    </line>
    <line>
      <![CDATA[Initializing page objects for LoginTest]]>
    </line>
    <line>
      <![CDATA[Tearing down driver: ChromeDriver - Method Level]]>
    </line>
    <line>
      <![CDATA[Driver cleanup completed - Method Level]]>
    </line>
    <line>
      <![CDATA[Setting up driver (headless: false) - Method Level]]>
    </line>
    <line>
      <![CDATA[Initializing page objects for LoginTest]]>
    </line>
    <line>
      <![CDATA[Tearing down driver: ChromeDriver - Method Level]]>
    </line>
    <line>
      <![CDATA[Driver cleanup completed - Method Level]]>
    </line>
    <line>
      <![CDATA[Setting up driver (headless: false) - Method Level]]>
    </line>
    <line>
      <![CDATA[Initializing page objects for LoginTest]]>
    </line>
    <line>
      <![CDATA[Tearing down driver: ChromeDriver - Method Level]]>
    </line>
    <line>
      <![CDATA[Driver cleanup completed - Method Level]]>
    </line>
    <line>
      <![CDATA[Setting up driver (headless: false) - Method Level]]>
    </line>
    <line>
      <![CDATA[Initializing page objects for LoginTest]]>
    </line>
    <line>
      <![CDATA[Tearing down driver: ChromeDriver - Method Level]]>
    </line>
    <line>
      <![CDATA[Driver cleanup completed - Method Level]]>
    </line>
  </reporter-output>
  <suite started-at="2025-06-27T12:33:56 IST" name="Single Browser Test Suite" finished-at="2025-06-27T12:35:43 IST" duration-ms="107228">
    <groups>
      <group name="login">
        <method signature="LoginTest.testAuthFormInitialState()[pri:1, instance:tests.LoginTest@36d585c]" name="testAuthFormInitialState" class="tests.LoginTest"/>
        <method signature="LoginTest.testValidLogin()[pri:2, instance:tests.LoginTest@36d585c]" name="testValidLogin" class="tests.LoginTest"/>
        <method signature="LoginTest.testInvalidLogin()[pri:3, instance:tests.LoginTest@36d585c]" name="testInvalidLogin" class="tests.LoginTest"/>
        <method signature="LoginTest.testModeSwitching()[pri:4, instance:tests.LoginTest@36d585c]" name="testModeSwitching" class="tests.LoginTest"/>
        <method signature="LoginTest.testRegistration()[pri:5, instance:tests.LoginTest@36d585c]" name="testRegistration" class="tests.LoginTest"/>
        <method signature="LoginTest.testFieldVisibilityByMode()[pri:6, instance:tests.LoginTest@36d585c]" name="testFieldVisibilityByMode" class="tests.LoginTest"/>
        <method signature="LoginTest.testAnimationTransitions()[pri:7, instance:tests.LoginTest@36d585c]" name="testAnimationTransitions" class="tests.LoginTest"/>
        <method signature="LoginTest.testMethodChaining()[pri:8, instance:tests.LoginTest@36d585c]" name="testMethodChaining" class="tests.LoginTest"/>
        <method signature="LoginTest.testPasswordMismatchRegistration()[pri:9, instance:tests.LoginTest@36d585c]" name="testPasswordMismatchRegistration" class="tests.LoginTest"/>
        <method signature="LoginTest.testEmptyFormValidation()[pri:10, instance:tests.LoginTest@36d585c]" name="testEmptyFormValidation" class="tests.LoginTest"/>
      </group> <!-- login -->
    </groups>
    <test started-at="2025-06-27T12:33:56 IST" name="Chrome Tests" finished-at="2025-06-27T12:35:43 IST" duration-ms="107228">
      <class name="tests.LoginTest">
        <test-method is-config="true" signature="setUpMethod(java.lang.String)[pri:0, instance:tests.LoginTest@36d585c]" started-at="2025-06-27T12:33:56 IST" name="setUpMethod" finished-at="2025-06-27T12:34:09 IST" duration-ms="13486" status="PASS">
          <params>
            <param index="0">
              <value>
                <![CDATA[false]]>
              </value>
            </param>
          </params>
          <reporter-output>
            <line>
              <![CDATA[Setting up driver (headless: false) - Method Level]]>
            </line>
          </reporter-output>
        </test-method> <!-- setUpMethod -->
        <test-method is-config="true" signature="initializePageObjectsForMethod()[pri:0, instance:tests.LoginTest@36d585c]" started-at="2025-06-27T12:34:09 IST" name="initializePageObjectsForMethod" finished-at="2025-06-27T12:34:09 IST" depends-on-methods="base.BaseTest.setUpMethod" duration-ms="168" status="PASS">
          <reporter-output>
            <line>
              <![CDATA[Initializing page objects for LoginTest]]>
            </line>
          </reporter-output>
        </test-method> <!-- initializePageObjectsForMethod -->
        <test-method signature="testAuthFormInitialState()[pri:1, instance:tests.LoginTest@36d585c]" started-at="2025-06-27T12:34:09 IST" name="testAuthFormInitialState" description="Verify AuthForm page loads with correct initial state" finished-at="2025-06-27T12:34:11 IST" duration-ms="1751" status="PASS">
          <reporter-output>
          </reporter-output>
        </test-method> <!-- testAuthFormInitialState -->
        <test-method is-config="true" signature="tearDownMethod()[pri:0, instance:tests.LoginTest@36d585c]" started-at="2025-06-27T12:34:11 IST" name="tearDownMethod" finished-at="2025-06-27T12:34:15 IST" duration-ms="4192" status="PASS">
          <reporter-output>
            <line>
              <![CDATA[Tearing down driver: ChromeDriver - Method Level]]>
            </line>
            <line>
              <![CDATA[Driver cleanup completed - Method Level]]>
            </line>
          </reporter-output>
        </test-method> <!-- tearDownMethod -->
        <test-method is-config="true" signature="setUpMethod(java.lang.String)[pri:0, instance:tests.LoginTest@36d585c]" started-at="2025-06-27T12:34:15 IST" name="setUpMethod" finished-at="2025-06-27T12:34:18 IST" duration-ms="2258" status="PASS">
          <params>
            <param index="0">
              <value>
                <![CDATA[false]]>
              </value>
            </param>
          </params>
          <reporter-output>
            <line>
              <![CDATA[Setting up driver (headless: false) - Method Level]]>
            </line>
          </reporter-output>
        </test-method> <!-- setUpMethod -->
        <test-method is-config="true" signature="initializePageObjectsForMethod()[pri:0, instance:tests.LoginTest@36d585c]" started-at="2025-06-27T12:34:18 IST" name="initializePageObjectsForMethod" finished-at="2025-06-27T12:34:18 IST" depends-on-methods="base.BaseTest.setUpMethod" duration-ms="3" status="PASS">
          <reporter-output>
            <line>
              <![CDATA[Initializing page objects for LoginTest]]>
            </line>
          </reporter-output>
        </test-method> <!-- initializePageObjectsForMethod -->
        <test-method signature="testValidLogin()[pri:2, instance:tests.LoginTest@36d585c]" started-at="2025-06-27T12:34:18 IST" name="testValidLogin" description="Verify login functionality with valid credentials" finished-at="2025-06-27T12:34:25 IST" duration-ms="6843" status="PASS">
          <reporter-output>
          </reporter-output>
        </test-method> <!-- testValidLogin -->
        <test-method is-config="true" signature="tearDownMethod()[pri:0, instance:tests.LoginTest@36d585c]" started-at="2025-06-27T12:34:25 IST" name="tearDownMethod" finished-at="2025-06-27T12:34:29 IST" duration-ms="4056" status="PASS">
          <reporter-output>
            <line>
              <![CDATA[Tearing down driver: ChromeDriver - Method Level]]>
            </line>
            <line>
              <![CDATA[Driver cleanup completed - Method Level]]>
            </line>
          </reporter-output>
        </test-method> <!-- tearDownMethod -->
        <test-method is-config="true" signature="setUpMethod(java.lang.String)[pri:0, instance:tests.LoginTest@36d585c]" started-at="2025-06-27T12:34:29 IST" name="setUpMethod" finished-at="2025-06-27T12:34:31 IST" duration-ms="2212" status="PASS">
          <params>
            <param index="0">
              <value>
                <![CDATA[false]]>
              </value>
            </param>
          </params>
          <reporter-output>
            <line>
              <![CDATA[Setting up driver (headless: false) - Method Level]]>
            </line>
          </reporter-output>
        </test-method> <!-- setUpMethod -->
        <test-method is-config="true" signature="initializePageObjectsForMethod()[pri:0, instance:tests.LoginTest@36d585c]" started-at="2025-06-27T12:34:31 IST" name="initializePageObjectsForMethod" finished-at="2025-06-27T12:34:31 IST" depends-on-methods="base.BaseTest.setUpMethod" duration-ms="25" status="PASS">
          <reporter-output>
            <line>
              <![CDATA[Initializing page objects for LoginTest]]>
            </line>
          </reporter-output>
        </test-method> <!-- initializePageObjectsForMethod -->
        <test-method signature="testInvalidLogin()[pri:3, instance:tests.LoginTest@36d585c]" started-at="2025-06-27T12:34:31 IST" name="testInvalidLogin" description="Verify login functionality with invalid credentials" finished-at="2025-06-27T12:34:36 IST" duration-ms="5495" status="PASS">
          <reporter-output>
          </reporter-output>
        </test-method> <!-- testInvalidLogin -->
        <test-method is-config="true" signature="tearDownMethod()[pri:0, instance:tests.LoginTest@36d585c]" started-at="2025-06-27T12:34:36 IST" name="tearDownMethod" finished-at="2025-06-27T12:34:45 IST" duration-ms="8210" status="PASS">
          <reporter-output>
            <line>
              <![CDATA[Tearing down driver: ChromeDriver - Method Level]]>
            </line>
            <line>
              <![CDATA[Driver cleanup completed - Method Level]]>
            </line>
          </reporter-output>
        </test-method> <!-- tearDownMethod -->
        <test-method is-config="true" signature="setUpMethod(java.lang.String)[pri:0, instance:tests.LoginTest@36d585c]" started-at="2025-06-27T12:34:45 IST" name="setUpMethod" finished-at="2025-06-27T12:34:47 IST" duration-ms="2048" status="PASS">
          <params>
            <param index="0">
              <value>
                <![CDATA[false]]>
              </value>
            </param>
          </params>
          <reporter-output>
            <line>
              <![CDATA[Setting up driver (headless: false) - Method Level]]>
            </line>
          </reporter-output>
        </test-method> <!-- setUpMethod -->
        <test-method is-config="true" signature="initializePageObjectsForMethod()[pri:0, instance:tests.LoginTest@36d585c]" started-at="2025-06-27T12:34:47 IST" name="initializePageObjectsForMethod" finished-at="2025-06-27T12:34:47 IST" depends-on-methods="base.BaseTest.setUpMethod" duration-ms="4" status="PASS">
          <reporter-output>
            <line>
              <![CDATA[Initializing page objects for LoginTest]]>
            </line>
          </reporter-output>
        </test-method> <!-- initializePageObjectsForMethod -->
        <test-method signature="testModeSwitching()[pri:4, instance:tests.LoginTest@36d585c]" started-at="2025-06-27T12:34:47 IST" name="testModeSwitching" description="Verify mode switching functionality" finished-at="2025-06-27T12:34:50 IST" duration-ms="3146" status="PASS">
          <reporter-output>
          </reporter-output>
        </test-method> <!-- testModeSwitching -->
        <test-method is-config="true" signature="tearDownMethod()[pri:0, instance:tests.LoginTest@36d585c]" started-at="2025-06-27T12:34:50 IST" name="tearDownMethod" finished-at="2025-06-27T12:34:56 IST" duration-ms="5796" status="PASS">
          <reporter-output>
            <line>
              <![CDATA[Tearing down driver: ChromeDriver - Method Level]]>
            </line>
            <line>
              <![CDATA[Driver cleanup completed - Method Level]]>
            </line>
          </reporter-output>
        </test-method> <!-- tearDownMethod -->
        <test-method is-config="true" signature="setUpMethod(java.lang.String)[pri:0, instance:tests.LoginTest@36d585c]" started-at="2025-06-27T12:34:56 IST" name="setUpMethod" finished-at="2025-06-27T12:34:57 IST" duration-ms="1822" status="PASS">
          <params>
            <param index="0">
              <value>
                <![CDATA[false]]>
              </value>
            </param>
          </params>
          <reporter-output>
            <line>
              <![CDATA[Setting up driver (headless: false) - Method Level]]>
            </line>
          </reporter-output>
        </test-method> <!-- setUpMethod -->
        <test-method is-config="true" signature="initializePageObjectsForMethod()[pri:0, instance:tests.LoginTest@36d585c]" started-at="2025-06-27T12:34:57 IST" name="initializePageObjectsForMethod" finished-at="2025-06-27T12:34:57 IST" depends-on-methods="base.BaseTest.setUpMethod" duration-ms="3" status="PASS">
          <reporter-output>
            <line>
              <![CDATA[Initializing page objects for LoginTest]]>
            </line>
          </reporter-output>
        </test-method> <!-- initializePageObjectsForMethod -->
        <test-method signature="testRegistration()[pri:5, instance:tests.LoginTest@36d585c]" started-at="2025-06-27T12:34:57 IST" name="testRegistration" description="Verify registration functionality" finished-at="2025-06-27T12:35:16 IST" duration-ms="18623" status="FAIL">
          <exception class="java.lang.AssertionError">
            <message>
              <![CDATA[Registration should be successful with valid data expected [true] but found [false]]]>
            </message>
            <full-stacktrace>
              <![CDATA[java.lang.AssertionError: Registration should be successful with valid data expected [true] but found [false]
at org.testng.Assert.fail(Assert.java:111)
at org.testng.Assert.failNotEquals(Assert.java:1578)
at org.testng.Assert.assertTrue(Assert.java:57)
at tests.LoginTest.testRegistration(LoginTest.java:124)
at java.base/jdk.internal.reflect.NativeMethodAccessorImpl.invoke0(Native Method)
at java.base/jdk.internal.reflect.NativeMethodAccessorImpl.invoke(NativeMethodAccessorImpl.java:62)
at java.base/jdk.internal.reflect.DelegatingMethodAccessorImpl.invoke(DelegatingMethodAccessorImpl.java:43)
at java.base/java.lang.reflect.Method.invoke(Method.java:566)
at org.testng.internal.invokers.MethodInvocationHelper.invokeMethod(MethodInvocationHelper.java:139)
at org.testng.internal.invokers.TestInvoker.invokeMethod(TestInvoker.java:664)
at org.testng.internal.invokers.TestInvoker.invokeTestMethod(TestInvoker.java:227)
at org.testng.internal.invokers.MethodRunner.runInSequence(MethodRunner.java:50)
at org.testng.internal.invokers.TestInvoker$MethodInvocationAgent.invoke(TestInvoker.java:957)
at org.testng.internal.invokers.TestInvoker.invokeTestMethods(TestInvoker.java:200)
at org.testng.internal.invokers.TestMethodWorker.invokeTestMethods(TestMethodWorker.java:148)
at org.testng.internal.invokers.TestMethodWorker.run(TestMethodWorker.java:128)
at java.base/java.util.ArrayList.forEach(ArrayList.java:1541)
at org.testng.TestRunner.privateRun(TestRunner.java:848)
at org.testng.TestRunner.run(TestRunner.java:621)
at org.testng.SuiteRunner.runTest(SuiteRunner.java:443)
at org.testng.SuiteRunner.runSequentially(SuiteRunner.java:437)
at org.testng.SuiteRunner.privateRun(SuiteRunner.java:397)
at org.testng.SuiteRunner.run(SuiteRunner.java:336)
at org.testng.SuiteRunnerWorker.runSuite(SuiteRunnerWorker.java:52)
at org.testng.SuiteRunnerWorker.run(SuiteRunnerWorker.java:95)
at org.testng.TestNG.runSuitesSequentially(TestNG.java:1280)
at org.testng.TestNG.runSuitesLocally(TestNG.java:1200)
at org.testng.TestNG.runSuites(TestNG.java:1114)
at org.testng.TestNG.run(TestNG.java:1082)
at com.intellij.rt.testng.IDEARemoteTestNG.run(IDEARemoteTestNG.java:65)
at com.intellij.rt.testng.RemoteTestNGStarter.main(RemoteTestNGStarter.java:105)
]]>
            </full-stacktrace>
          </exception> <!-- java.lang.AssertionError -->
          <reporter-output>
          </reporter-output>
        </test-method> <!-- testRegistration -->
        <test-method is-config="true" signature="tearDownMethod()[pri:0, instance:tests.LoginTest@36d585c]" started-at="2025-06-27T12:35:16 IST" name="tearDownMethod" finished-at="2025-06-27T12:35:17 IST" duration-ms="947" status="PASS">
          <reporter-output>
            <line>
              <![CDATA[Tearing down driver: ChromeDriver - Method Level]]>
            </line>
            <line>
              <![CDATA[Driver cleanup completed - Method Level]]>
            </line>
          </reporter-output>
        </test-method> <!-- tearDownMethod -->
        <test-method is-config="true" signature="setUpMethod(java.lang.String)[pri:0, instance:tests.LoginTest@36d585c]" started-at="2025-06-27T12:35:17 IST" name="setUpMethod" finished-at="2025-06-27T12:35:19 IST" duration-ms="2186" status="PASS">
          <params>
            <param index="0">
              <value>
                <![CDATA[false]]>
              </value>
            </param>
          </params>
          <reporter-output>
            <line>
              <![CDATA[Setting up driver (headless: false) - Method Level]]>
            </line>
          </reporter-output>
        </test-method> <!-- setUpMethod -->
        <test-method is-config="true" signature="initializePageObjectsForMethod()[pri:0, instance:tests.LoginTest@36d585c]" started-at="2025-06-27T12:35:19 IST" name="initializePageObjectsForMethod" finished-at="2025-06-27T12:35:19 IST" depends-on-methods="base.BaseTest.setUpMethod" duration-ms="1" status="PASS">
          <reporter-output>
            <line>
              <![CDATA[Initializing page objects for LoginTest]]>
            </line>
          </reporter-output>
        </test-method> <!-- initializePageObjectsForMethod -->
        <test-method signature="testFieldVisibilityByMode()[pri:6, instance:tests.LoginTest@36d585c]" started-at="2025-06-27T12:35:19 IST" name="testFieldVisibilityByMode" description="Verify form field visibility based on mode" finished-at="2025-06-27T12:35:21 IST" duration-ms="1714" status="PASS">
          <reporter-output>
          </reporter-output>
        </test-method> <!-- testFieldVisibilityByMode -->
        <test-method is-config="true" signature="tearDownMethod()[pri:0, instance:tests.LoginTest@36d585c]" started-at="2025-06-27T12:35:21 IST" name="tearDownMethod" finished-at="2025-06-27T12:35:21 IST" duration-ms="530" status="PASS">
          <reporter-output>
            <line>
              <![CDATA[Tearing down driver: ChromeDriver - Method Level]]>
            </line>
            <line>
              <![CDATA[Driver cleanup completed - Method Level]]>
            </line>
          </reporter-output>
        </test-method> <!-- tearDownMethod -->
        <test-method is-config="true" signature="setUpMethod(java.lang.String)[pri:0, instance:tests.LoginTest@36d585c]" started-at="2025-06-27T12:35:21 IST" name="setUpMethod" finished-at="2025-06-27T12:35:23 IST" duration-ms="1636" status="PASS">
          <params>
            <param index="0">
              <value>
                <![CDATA[false]]>
              </value>
            </param>
          </params>
          <reporter-output>
            <line>
              <![CDATA[Setting up driver (headless: false) - Method Level]]>
            </line>
          </reporter-output>
        </test-method> <!-- setUpMethod -->
        <test-method is-config="true" signature="initializePageObjectsForMethod()[pri:0, instance:tests.LoginTest@36d585c]" started-at="2025-06-27T12:35:23 IST" name="initializePageObjectsForMethod" finished-at="2025-06-27T12:35:23 IST" depends-on-methods="base.BaseTest.setUpMethod" duration-ms="1" status="PASS">
          <reporter-output>
            <line>
              <![CDATA[Initializing page objects for LoginTest]]>
            </line>
          </reporter-output>
        </test-method> <!-- initializePageObjectsForMethod -->
        <test-method signature="testAnimationTransitions()[pri:7, instance:tests.LoginTest@36d585c]" started-at="2025-06-27T12:35:23 IST" name="testAnimationTransitions" description="Verify React animation transition timing" finished-at="2025-06-27T12:35:24 IST" duration-ms="1269" status="PASS">
          <reporter-output>
          </reporter-output>
        </test-method> <!-- testAnimationTransitions -->
        <test-method is-config="true" signature="tearDownMethod()[pri:0, instance:tests.LoginTest@36d585c]" started-at="2025-06-27T12:35:24 IST" name="tearDownMethod" finished-at="2025-06-27T12:35:25 IST" duration-ms="637" status="PASS">
          <reporter-output>
            <line>
              <![CDATA[Tearing down driver: ChromeDriver - Method Level]]>
            </line>
            <line>
              <![CDATA[Driver cleanup completed - Method Level]]>
            </line>
          </reporter-output>
        </test-method> <!-- tearDownMethod -->
        <test-method is-config="true" signature="setUpMethod(java.lang.String)[pri:0, instance:tests.LoginTest@36d585c]" started-at="2025-06-27T12:35:25 IST" name="setUpMethod" finished-at="2025-06-27T12:35:27 IST" duration-ms="1858" status="PASS">
          <params>
            <param index="0">
              <value>
                <![CDATA[false]]>
              </value>
            </param>
          </params>
          <reporter-output>
            <line>
              <![CDATA[Setting up driver (headless: false) - Method Level]]>
            </line>
          </reporter-output>
        </test-method> <!-- setUpMethod -->
        <test-method is-config="true" signature="initializePageObjectsForMethod()[pri:0, instance:tests.LoginTest@36d585c]" started-at="2025-06-27T12:35:27 IST" name="initializePageObjectsForMethod" finished-at="2025-06-27T12:35:27 IST" depends-on-methods="base.BaseTest.setUpMethod" duration-ms="1" status="PASS">
          <reporter-output>
            <line>
              <![CDATA[Initializing page objects for LoginTest]]>
            </line>
          </reporter-output>
        </test-method> <!-- initializePageObjectsForMethod -->
        <test-method signature="testMethodChaining()[pri:8, instance:tests.LoginTest@36d585c]" started-at="2025-06-27T12:35:27 IST" name="testMethodChaining" description="Verify method chaining works with React component" finished-at="2025-06-27T12:35:30 IST" duration-ms="2988" status="PASS">
          <reporter-output>
          </reporter-output>
        </test-method> <!-- testMethodChaining -->
        <test-method is-config="true" signature="tearDownMethod()[pri:0, instance:tests.LoginTest@36d585c]" started-at="2025-06-27T12:35:30 IST" name="tearDownMethod" finished-at="2025-06-27T12:35:30 IST" duration-ms="513" status="PASS">
          <reporter-output>
            <line>
              <![CDATA[Tearing down driver: ChromeDriver - Method Level]]>
            </line>
            <line>
              <![CDATA[Driver cleanup completed - Method Level]]>
            </line>
          </reporter-output>
        </test-method> <!-- tearDownMethod -->
        <test-method is-config="true" signature="setUpMethod(java.lang.String)[pri:0, instance:tests.LoginTest@36d585c]" started-at="2025-06-27T12:35:30 IST" name="setUpMethod" finished-at="2025-06-27T12:35:32 IST" duration-ms="1971" status="PASS">
          <params>
            <param index="0">
              <value>
                <![CDATA[false]]>
              </value>
            </param>
          </params>
          <reporter-output>
            <line>
              <![CDATA[Setting up driver (headless: false) - Method Level]]>
            </line>
          </reporter-output>
        </test-method> <!-- setUpMethod -->
        <test-method is-config="true" signature="initializePageObjectsForMethod()[pri:0, instance:tests.LoginTest@36d585c]" started-at="2025-06-27T12:35:32 IST" name="initializePageObjectsForMethod" finished-at="2025-06-27T12:35:32 IST" depends-on-methods="base.BaseTest.setUpMethod" duration-ms="2" status="PASS">
          <reporter-output>
            <line>
              <![CDATA[Initializing page objects for LoginTest]]>
            </line>
          </reporter-output>
        </test-method> <!-- initializePageObjectsForMethod -->
        <test-method signature="testPasswordMismatchRegistration()[pri:9, instance:tests.LoginTest@36d585c]" started-at="2025-06-27T12:35:32 IST" name="testPasswordMismatchRegistration" description="Verify password mismatch handling in registration" finished-at="2025-06-27T12:35:35 IST" duration-ms="2669" status="PASS">
          <reporter-output>
          </reporter-output>
        </test-method> <!-- testPasswordMismatchRegistration -->
        <test-method is-config="true" signature="tearDownMethod()[pri:0, instance:tests.LoginTest@36d585c]" started-at="2025-06-27T12:35:35 IST" name="tearDownMethod" finished-at="2025-06-27T12:35:36 IST" duration-ms="1308" status="PASS">
          <reporter-output>
            <line>
              <![CDATA[Tearing down driver: ChromeDriver - Method Level]]>
            </line>
            <line>
              <![CDATA[Driver cleanup completed - Method Level]]>
            </line>
          </reporter-output>
        </test-method> <!-- tearDownMethod -->
        <test-method is-config="true" signature="setUpMethod(java.lang.String)[pri:0, instance:tests.LoginTest@36d585c]" started-at="2025-06-27T12:35:36 IST" name="setUpMethod" finished-at="2025-06-27T12:35:38 IST" duration-ms="2058" status="PASS">
          <params>
            <param index="0">
              <value>
                <![CDATA[false]]>
              </value>
            </param>
          </params>
          <reporter-output>
            <line>
              <![CDATA[Setting up driver (headless: false) - Method Level]]>
            </line>
          </reporter-output>
        </test-method> <!-- setUpMethod -->
        <test-method is-config="true" signature="initializePageObjectsForMethod()[pri:0, instance:tests.LoginTest@36d585c]" started-at="2025-06-27T12:35:38 IST" name="initializePageObjectsForMethod" finished-at="2025-06-27T12:35:38 IST" depends-on-methods="base.BaseTest.setUpMethod" duration-ms="1" status="PASS">
          <reporter-output>
            <line>
              <![CDATA[Initializing page objects for LoginTest]]>
            </line>
          </reporter-output>
        </test-method> <!-- initializePageObjectsForMethod -->
        <test-method signature="testEmptyFormValidation()[pri:10, instance:tests.LoginTest@36d585c]" started-at="2025-06-27T12:35:38 IST" name="testEmptyFormValidation" description="Verify empty form validation" finished-at="2025-06-27T12:35:42 IST" duration-ms="3721" status="PASS">
          <reporter-output>
          </reporter-output>
        </test-method> <!-- testEmptyFormValidation -->
        <test-method is-config="true" signature="tearDownMethod()[pri:0, instance:tests.LoginTest@36d585c]" started-at="2025-06-27T12:35:42 IST" name="tearDownMethod" finished-at="2025-06-27T12:35:43 IST" duration-ms="889" status="PASS">
          <reporter-output>
            <line>
              <![CDATA[Tearing down driver: ChromeDriver - Method Level]]>
            </line>
            <line>
              <![CDATA[Driver cleanup completed - Method Level]]>
            </line>
          </reporter-output>
        </test-method> <!-- tearDownMethod -->
      </class> <!-- tests.LoginTest -->
    </test> <!-- Chrome Tests -->
  </suite> <!-- Single Browser Test Suite -->
</testng-results>
