<?xml version="1.0" encoding="UTF-8"?>
<!-- Generated by org.testng.reporters.JUnitXMLReporter -->
<testsuite ignored="0" hostname="jalebi12345" failures="3" tests="15" name="Chrome Tests" time="99.94" errors="0" timestamp="2025-06-13T17:41:00 IST">
  <testcase classname="base.BaseTest" name="@AfterClass tearDownClass" time="0.001">
    <failure type="java.lang.IllegalStateException" message="WebDriver is not initialized. Call initializeDriver() first.">
      <![CDATA[java.lang.IllegalStateException: WebDriver is not initialized. Call initializeDriver() first.
at utilities.WebDriverManagerUtil.getDriver(WebDriverManagerUtil.java:86)
at base.BaseTest.tearDownClass(BaseTest.java:47)
at java.base/java.util.ArrayList.forEach(ArrayList.java:1541)
at java.base/java.util.concurrent.FutureTask.run$$$capture(FutureTask.java:264)
at java.base/java.util.concurrent.FutureTask.run(FutureTask.java)
at --- Async.Stack.Trace --- (captured by IntelliJ IDEA debugger)
at java.base/java.util.concurrent.FutureTask.<init>(FutureTask.java:132)
at java.base/java.util.concurrent.AbstractExecutorService.newTaskFor(AbstractExecutorService.java:108)
at java.base/java.util.concurrent.AbstractExecutorService.invokeAll(AbstractExecutorService.java:269)
at com.intellij.rt.testng.IDEARemoteTestNG.run(IDEARemoteTestNG.java:65)
at com.intellij.rt.testng.RemoteTestNGStarter.main(RemoteTestNGStarter.java:105)
... Removed 26 stack frames]]>
    </failure>
  </testcase> <!-- @AfterClass tearDownClass -->
  <testcase classname="base.BaseTest" name="@AfterClass tearDownClass" time="0.001">
    <failure type="java.lang.IllegalStateException" message="WebDriver is not initialized. Call initializeDriver() first.">
      <![CDATA[java.lang.IllegalStateException: WebDriver is not initialized. Call initializeDriver() first.
at utilities.WebDriverManagerUtil.getDriver(WebDriverManagerUtil.java:86)
at base.BaseTest.tearDownClass(BaseTest.java:47)
at java.base/java.util.ArrayList.forEach(ArrayList.java:1541)
at java.base/java.util.concurrent.FutureTask.run$$$capture(FutureTask.java:264)
at java.base/java.util.concurrent.FutureTask.run(FutureTask.java)
at --- Async.Stack.Trace --- (captured by IntelliJ IDEA debugger)
at java.base/java.util.concurrent.FutureTask.<init>(FutureTask.java:132)
at java.base/java.util.concurrent.AbstractExecutorService.newTaskFor(AbstractExecutorService.java:108)
at java.base/java.util.concurrent.AbstractExecutorService.invokeAll(AbstractExecutorService.java:269)
at com.intellij.rt.testng.IDEARemoteTestNG.run(IDEARemoteTestNG.java:65)
at com.intellij.rt.testng.RemoteTestNGStarter.main(RemoteTestNGStarter.java:105)
... Removed 26 stack frames]]>
    </failure>
  </testcase> <!-- @AfterClass tearDownClass -->
  <testcase classname="base.BaseTest" name="@AfterClass tearDownClass" time="0.001">
    <failure type="java.lang.IllegalStateException" message="WebDriver is not initialized. Call initializeDriver() first.">
      <![CDATA[java.lang.IllegalStateException: WebDriver is not initialized. Call initializeDriver() first.
at utilities.WebDriverManagerUtil.getDriver(WebDriverManagerUtil.java:86)
at base.BaseTest.tearDownClass(BaseTest.java:47)
at java.base/java.util.ArrayList.forEach(ArrayList.java:1541)
at java.base/java.util.concurrent.FutureTask.run$$$capture(FutureTask.java:264)
at java.base/java.util.concurrent.FutureTask.run(FutureTask.java)
at --- Async.Stack.Trace --- (captured by IntelliJ IDEA debugger)
at java.base/java.util.concurrent.FutureTask.<init>(FutureTask.java:132)
at java.base/java.util.concurrent.AbstractExecutorService.newTaskFor(AbstractExecutorService.java:108)
at java.base/java.util.concurrent.AbstractExecutorService.invokeAll(AbstractExecutorService.java:269)
at com.intellij.rt.testng.IDEARemoteTestNG.run(IDEARemoteTestNG.java:65)
at com.intellij.rt.testng.RemoteTestNGStarter.main(RemoteTestNGStarter.java:105)
... Removed 26 stack frames]]>
    </failure>
  </testcase> <!-- @AfterClass tearDownClass -->
  <testcase classname="tests.LoginTest" name="testAuthFormInitialState" time="1.184"/>
  <testcase classname="tests.DropDownTest" name="testLoginWithValidCredentials" time="6.553"/>
  <testcase classname="tests.DropDownTest" name="testDropdownMenuIsVisible" time="0.67"/>
  <testcase classname="tests.LoginTest" name="testValidLogin" time="1.877"/>
  <testcase classname="tests.DropDownTest" name="testClickContactLink" time="0.53">
    <failure type="java.lang.AssertionError" message="Should navigate to Contact page. expected [true] but found [false]">
      <![CDATA[java.lang.AssertionError: Should navigate to Contact page. expected [true] but found [false]
at tests.DropDownTest.testClickContactLink(DropDownTest.java:43)
at java.base/java.util.ArrayList.forEach(ArrayList.java:1541)
at java.base/java.util.concurrent.FutureTask.run$$$capture(FutureTask.java:264)
at java.base/java.util.concurrent.FutureTask.run(FutureTask.java)
at --- Async.Stack.Trace --- (captured by IntelliJ IDEA debugger)
at java.base/java.util.concurrent.FutureTask.<init>(FutureTask.java:132)
at java.base/java.util.concurrent.AbstractExecutorService.newTaskFor(AbstractExecutorService.java:108)
at java.base/java.util.concurrent.AbstractExecutorService.invokeAll(AbstractExecutorService.java:269)
at com.intellij.rt.testng.IDEARemoteTestNG.run(IDEARemoteTestNG.java:65)
at com.intellij.rt.testng.RemoteTestNGStarter.main(RemoteTestNGStarter.java:105)
... Removed 30 stack frames]]>
    </failure>
  </testcase> <!-- testClickContactLink -->
  <testcase classname="tests.LoginTest" name="testInvalidLogin" time="3.901"/>
  <testcase classname="tests.DropDownTest" name="testClickChangePassword" time="1.874">
    <failure type="java.lang.AssertionError" message="Should navigate to Change password page. expected [true] but found [false]">
      <![CDATA[java.lang.AssertionError: Should navigate to Change password page. expected [true] but found [false]
at tests.DropDownTest.testClickChangePassword(DropDownTest.java:52)
at java.base/java.util.ArrayList.forEach(ArrayList.java:1541)
at java.base/java.util.concurrent.FutureTask.run$$$capture(FutureTask.java:264)
at java.base/java.util.concurrent.FutureTask.run(FutureTask.java)
at --- Async.Stack.Trace --- (captured by IntelliJ IDEA debugger)
at java.base/java.util.concurrent.FutureTask.<init>(FutureTask.java:132)
at java.base/java.util.concurrent.AbstractExecutorService.newTaskFor(AbstractExecutorService.java:108)
at java.base/java.util.concurrent.AbstractExecutorService.invokeAll(AbstractExecutorService.java:269)
at com.intellij.rt.testng.IDEARemoteTestNG.run(IDEARemoteTestNG.java:65)
at com.intellij.rt.testng.RemoteTestNGStarter.main(RemoteTestNGStarter.java:105)
... Removed 30 stack frames]]>
    </failure>
  </testcase> <!-- testClickChangePassword -->
  <testcase classname="tests.LoginTest" name="testModeSwitching" time="2.613"/>
  <testcase classname="tests.DropDownTest" name="testHoverOverDropDownItems" time="0.0">
    <skipped/>
  </testcase> <!-- testHoverOverDropDownItems -->
  <testcase classname="tests.LoginTest" name="testRegistration" time="18.302">
    <failure type="java.lang.AssertionError" message="Registration should be successful with valid data expected [true] but found [false]">
      <![CDATA[java.lang.AssertionError: Registration should be successful with valid data expected [true] but found [false]
at tests.LoginTest.testRegistration(LoginTest.java:121)
at java.base/java.util.ArrayList.forEach(ArrayList.java:1541)
at java.base/java.util.concurrent.FutureTask.run$$$capture(FutureTask.java:264)
at java.base/java.util.concurrent.FutureTask.run(FutureTask.java)
at --- Async.Stack.Trace --- (captured by IntelliJ IDEA debugger)
at java.base/java.util.concurrent.FutureTask.<init>(FutureTask.java:132)
at java.base/java.util.concurrent.AbstractExecutorService.newTaskFor(AbstractExecutorService.java:108)
at java.base/java.util.concurrent.AbstractExecutorService.invokeAll(AbstractExecutorService.java:269)
at com.intellij.rt.testng.IDEARemoteTestNG.run(IDEARemoteTestNG.java:65)
at com.intellij.rt.testng.RemoteTestNGStarter.main(RemoteTestNGStarter.java:105)
... Removed 30 stack frames]]>
    </failure>
  </testcase> <!-- testRegistration -->
  <testcase classname="tests.LoginTest" name="testFieldVisibilityByMode" time="1.693"/>
  <testcase classname="tests.LoginTest" name="testAnimationTransitions" time="1.184"/>
  <testcase classname="tests.LoginTest" name="testMethodChaining" time="2.544"/>
  <testcase classname="tests.LoginTest" name="testPasswordMismatchRegistration" time="2.306"/>
  <testcase classname="tests.LoginTest" name="testEmptyFormValidation" time="3.928"/>
</testsuite> <!-- Chrome Tests -->
