<?xml version="1.0" encoding="UTF-8"?>
<!-- Generated by org.testng.reporters.JUnitReportReporter -->
<testsuite hostname="jalebi12345" failures="1" tests="10" name="tests.LoginTest" time="107.041" errors="0" timestamp="2025-06-27T12:35:43 IST" skipped="0">
  <testcase classname="tests.LoginTest" name="testAuthFormInitialState" time="8.130"/>
  <testcase classname="tests.LoginTest" name="testValidLogin" time="16.714"/>
  <testcase classname="tests.LoginTest" name="testInvalidLogin" time="13.342"/>
  <testcase classname="tests.LoginTest" name="testModeSwitching" time="6.277"/>
  <testcase classname="tests.LoginTest" name="testRegistration" time="21.212">
    <failure message="Registration should be successful with valid data expected [true] but found [false]" type="java.lang.AssertionError">
      <![CDATA[java.lang.AssertionError: Registration should be successful with valid data expected [true] but found [false]
at org.testng.Assert.fail(Assert.java:111)
at org.testng.Assert.failNotEquals(Assert.java:1578)
at org.testng.Assert.assertTrue(Assert.java:57)
at tests.LoginTest.testRegistration(LoginTest.java:124)
at java.base/jdk.internal.reflect.NativeMethodAccessorImpl.invoke0(Native Method)
at java.base/jdk.internal.reflect.NativeMethodAccessorImpl.invoke(NativeMethodAccessorImpl.java:62)
at java.base/jdk.internal.reflect.DelegatingMethodAccessorImpl.invoke(DelegatingMethodAccessorImpl.java:43)
at java.base/java.lang.reflect.Method.invoke(Method.java:566)
at org.testng.internal.invokers.MethodInvocationHelper.invokeMethod(MethodInvocationHelper.java:139)
at org.testng.internal.invokers.TestInvoker.invokeMethod(TestInvoker.java:664)
at org.testng.internal.invokers.TestInvoker.invokeTestMethod(TestInvoker.java:227)
at org.testng.internal.invokers.MethodRunner.runInSequence(MethodRunner.java:50)
at org.testng.internal.invokers.TestInvoker$MethodInvocationAgent.invoke(TestInvoker.java:957)
at org.testng.internal.invokers.TestInvoker.invokeTestMethods(TestInvoker.java:200)
at org.testng.internal.invokers.TestMethodWorker.invokeTestMethods(TestMethodWorker.java:148)
at org.testng.internal.invokers.TestMethodWorker.run(TestMethodWorker.java:128)
at java.base/java.util.ArrayList.forEach(ArrayList.java:1541)
at org.testng.TestRunner.privateRun(TestRunner.java:848)
at org.testng.TestRunner.run(TestRunner.java:621)
at org.testng.SuiteRunner.runTest(SuiteRunner.java:443)
at org.testng.SuiteRunner.runSequentially(SuiteRunner.java:437)
at org.testng.SuiteRunner.privateRun(SuiteRunner.java:397)
at org.testng.SuiteRunner.run(SuiteRunner.java:336)
at org.testng.SuiteRunnerWorker.runSuite(SuiteRunnerWorker.java:52)
at org.testng.SuiteRunnerWorker.run(SuiteRunnerWorker.java:95)
at org.testng.TestNG.runSuitesSequentially(TestNG.java:1280)
at org.testng.TestNG.runSuitesLocally(TestNG.java:1200)
at org.testng.TestNG.runSuites(TestNG.java:1114)
at org.testng.TestNG.run(TestNG.java:1082)
at com.intellij.rt.testng.IDEARemoteTestNG.run(IDEARemoteTestNG.java:65)
at com.intellij.rt.testng.RemoteTestNGStarter.main(RemoteTestNGStarter.java:105)
]]>
    </failure>
  </testcase> <!-- testRegistration -->
  <testcase classname="tests.LoginTest" name="testFieldVisibilityByMode" time="4.565"/>
  <testcase classname="tests.LoginTest" name="testAnimationTransitions" time="3.757"/>
  <testcase classname="tests.LoginTest" name="testMethodChaining" time="6.136"/>
  <testcase classname="tests.LoginTest" name="testPasswordMismatchRegistration" time="20.214"/>
  <testcase classname="tests.LoginTest" name="testEmptyFormValidation" time="6.694"/>
  <system-out>
    <![CDATA[Setting up driver (headless: false) - Method Level
Initializing page objects for LoginTest
Tearing down driver: ChromeDriver - Method Level
Driver cleanup completed - Method Level
Setting up driver (headless: false) - Method Level
Initializing page objects for LoginTest
Tearing down driver: ChromeDriver - Method Level
Driver cleanup completed - Method Level
Setting up driver (headless: false) - Method Level
Initializing page objects for LoginTest
Tearing down driver: ChromeDriver - Method Level
Driver cleanup completed - Method Level
Setting up driver (headless: false) - Method Level
Initializing page objects for LoginTest
Tearing down driver: ChromeDriver - Method Level
Driver cleanup completed - Method Level
Setting up driver (headless: false) - Method Level
Initializing page objects for LoginTest
Tearing down driver: ChromeDriver - Method Level
Driver cleanup completed - Method Level
Setting up driver (headless: false) - Method Level
Initializing page objects for LoginTest
Tearing down driver: ChromeDriver - Method Level
Driver cleanup completed - Method Level
Setting up driver (headless: false) - Method Level
Initializing page objects for LoginTest
Tearing down driver: ChromeDriver - Method Level
Driver cleanup completed - Method Level
Setting up driver (headless: false) - Method Level
Initializing page objects for LoginTest
Tearing down driver: ChromeDriver - Method Level
Driver cleanup completed - Method Level
Setting up driver (headless: false) - Method Level
Initializing page objects for LoginTest
Tearing down driver: ChromeDriver - Method Level
Driver cleanup completed - Method Level
Setting up driver (headless: false) - Method Level
Initializing page objects for LoginTest
Tearing down driver: ChromeDriver - Method Level
Driver cleanup completed - Method Level]]>
  </system-out>
</testsuite> <!-- tests.LoginTest -->
